This file contains any messages produced by compilers while
running configure, to aid debugging if configure makes a mistake.

It was created by reSID configure 1.0-pre2, which was
generated by GNU Autoconf 2.68.  Invocation command line was

  $ ./configure --disable-option-checking --prefix=/usr/local --host=mipsel-linux --enable-sdlui --enable-dingux host_alias=mipsel-linux CC=mipsel-linux-gcc CXX=mipsel-linux-g++ --cache-file=/dev/null --srcdir=.

## --------- ##
## Platform. ##
## --------- ##

hostname = debian
uname -m = x86_64
uname -r = 4.9.0-4-amd64
uname -s = Linux
uname -v = #1 SMP Debian 4.9.65-3 (2017-12-03)

/usr/bin/uname -p = unknown
/bin/uname -X     = unknown

/bin/arch              = unknown
/usr/bin/arch -k       = unknown
/usr/convex/getsysinfo = unknown
/usr/bin/hostinfo      = unknown
/bin/machine           = unknown
/usr/bin/oslevel       = unknown
/bin/universe          = unknown

PATH: /usr/local/bin
PATH: /usr/bin
PATH: /bin
PATH: /usr/local/games
PATH: /usr/games
PATH: /home/steward/Downloads/buildroot-2017.02.9/output/host/usr/bin/


## ----------- ##
## Core tests. ##
## ----------- ##

configure:2244: checking for a BSD-compatible install
configure:2312: result: /usr/bin/install -c
configure:2323: checking whether build environment is sane
configure:2373: result: yes
configure:2422: checking for mipsel-linux-strip
configure:2438: found /home/steward/Downloads/buildroot-2017.02.9/output/host/usr/bin//mipsel-linux-strip
configure:2449: result: mipsel-linux-strip
configure:2514: checking for a thread-safe mkdir -p
configure:2553: result: /bin/mkdir -p
configure:2566: checking for gawk
configure:2582: found /usr/bin/gawk
configure:2593: result: gawk
configure:2604: checking whether make sets $(MAKE)
configure:2626: result: yes
configure:2872: checking for C++ compiler version
configure:2881: mipsel-linux-g++ --version >&5
mipsel-linux-g++.br_real (Buildroot 2017.02.9) 5.4.0
Copyright (C) 2015 Free Software Foundation, Inc.
This is free software; see the source for copying conditions.  There is NO
warranty; not even for MERCHANTABILITY or FITNESS FOR A PARTICULAR PURPOSE.

configure:2892: $? = 0
configure:2881: mipsel-linux-g++ -v >&5
Using built-in specs.
COLLECT_GCC=/home/steward/Downloads/buildroot-2017.02.9/output/host/usr/bin/mipsel-linux-g++.br_real
COLLECT_LTO_WRAPPER=/home/steward/Downloads/buildroot-2017.02.9/output/host/usr/libexec/gcc/mipsel-buildroot-linux-uclibc/5.4.0/lto-wrapper
Target: mipsel-buildroot-linux-uclibc
Configured with: ./configure --prefix=/home/steward/Downloads/buildroot-2017.02.9/output/host/usr --sysconfdir=/home/steward/Downloads/buildroot-2017.02.9/output/host/etc --enable-static --target=mipsel-buildroot-linux-uclibc --with-sysroot=/home/steward/Downloads/buildroot-2017.02.9/output/host/usr/mipsel-buildroot-linux-uclibc/sysroot --disable-__cxa_atexit --with-gnu-ld --disable-libssp --disable-multilib --with-gmp=/home/steward/Downloads/buildroot-2017.02.9/output/host/usr --with-mpc=/home/steward/Downloads/buildroot-2017.02.9/output/host/usr --with-mpfr=/home/steward/Downloads/buildroot-2017.02.9/output/host/usr --with-pkgversion='Buildroot 2017.02.9' --with-bugurl=http://bugs.buildroot.net/ --disable-libquadmath --disable-libsanitizer --enable-tls --disable-libmudflap --enable-threads --without-isl --without-cloog --disable-decimal-float --with-arch=mips32 --with-abi=32 --enable-languages=c,c++ --with-build-time-tools=/home/steward/Downloads/buildroot-2017.02.9/output/host/usr/mipsel-buildroot-linux-uclibc/bin --enable-shared --disable-libgomp
Thread model: posix
gcc version 5.4.0 (Buildroot 2017.02.9) 
configure:2892: $? = 0
configure:2881: mipsel-linux-g++ -V >&5
mipsel-linux-g++.br_real: error: unrecognized command line option '-V'
mipsel-linux-g++.br_real: fatal error: no input files
compilation terminated.
configure:2892: $? = 1
configure:2881: mipsel-linux-g++ -qversion >&5
mipsel-linux-g++.br_real: error: unrecognized command line option '-qversion'
mipsel-linux-g++.br_real: fatal error: no input files
compilation terminated.
configure:2892: $? = 1
configure:2912: checking whether the C++ compiler works
configure:2934: mipsel-linux-g++    conftest.cpp  >&5
configure:2938: $? = 0
configure:2986: result: yes
configure:2989: checking for C++ compiler default output file name
configure:2991: result: a.out
configure:2997: checking for suffix of executables
configure:3004: mipsel-linux-g++ -o conftest    conftest.cpp  >&5
configure:3008: $? = 0
configure:3030: result: 
configure:3052: checking whether we are cross compiling
configure:3060: mipsel-linux-g++ -o conftest    conftest.cpp  >&5
configure:3064: $? = 0
configure:3071: ./conftest
./configure: line 3073: ./conftest: cannot execute binary file: Exec format error
configure:3075: $? = 126
configure:3090: result: yes
configure:3095: checking for suffix of object files
configure:3117: mipsel-linux-g++ -c   conftest.cpp >&5
configure:3121: $? = 0
configure:3142: result: o
configure:3146: checking whether we are using the GNU C++ compiler
configure:3165: mipsel-linux-g++ -c   conftest.cpp >&5
configure:3165: $? = 0
configure:3174: result: yes
configure:3183: checking whether mipsel-linux-g++ accepts -g
configure:3203: mipsel-linux-g++ -c -g  conftest.cpp >&5
configure:3203: $? = 0
configure:3244: result: yes
configure:3278: checking for style of include used by make
configure:3306: result: GNU
configure:3332: checking dependency style of mipsel-linux-g++
configure:3443: result: gcc3
configure:3463: checking if the compiler supports -march=native
configure:3479: mipsel-linux-g++ -c -g -O2 -march=native  conftest.cpp >&5
cc1plus: error: unrecognized argument in option '-march=native'
cc1plus: note: valid arguments to '-march=' are: 10000 1004kc 1004kf 1004kf1_1 1004kf2_1 10k 12000 12k 14000 14k 16000 16k 2000 20kc 24kc 24kec 24kef 24kef1_1 24kef2_1 24kefx 24kex 24kf 24kf1_1 24kf2_1 24kfx 24kx 2k 3000 34kc 34kf 34kf1_1 34kf2_1 34kfx 34kn 34kx 3900 3k 4000 4100 4111 4120 4130 4300 4400 4600 4650 4700 4k 4kc 4kec 4kem 4kep 4km 4kp 4ksc 4ksd 5000 5400 5500 5900 5k 5kc 5kf 6000 6k 7000 74kc 74kf 74kf1_1 74kf2_1 74kf3_2 74kfx 74kx 7k 8000 8k 9000 9k from-abi loongson2e loongson2f loongson3a m14k m14kc m14ke m14kec m4k mips1 mips2 mips3 mips32 mips32r2 mips32r3 mips32r5 mips32r6 mips4 mips64 mips64r2 mips64r3 mips64r5 mips64r6 native octeon octeon+ octeon2 octeon3 orion p5600 r10000 r1004kc r1004kf r1004kf1_1 r1004kf2_1 r10k r12000 r12k r14000 r14k r16000 r16k r2000 r20kc r24kc r24kec r24kef r24kef1_1 r24kef2_1 r24kefx r24kex r24kf r24kf1_1 r24kf2_1 r24kfx r24kx r2k r3000 r34kc r34kf r34kf1_1 r34kf2_1 r34kfx r34kn r34kx r3900 r3k r4000 r4100 r4111 r4120 r4130 r4300 r4400 r4600 r4650 r4700 r4k r4kc r4kec r4kem r4kep r4km r4kp r4ksc r4ksd r5000 r5400 r5500 r5900 r5k r5kc r5kf r6000 r6k r7000 r74kc r74kf r74kf1_1 r74kf2_1 r74kf3_2 r74kfx r74kx r7k r8000 r8k r9000 r9k rm7000 rm7k rm9000 rm9k sb1 sb1a sr71000 sr71k vr4100 vr4111 vr4120 vr4130 vr4300 vr5000 vr5400 vr5500 vr5k xlp xlr
configure:3479: $? = 1
configure: failed program was:
| /* confdefs.h */
| #define PACKAGE_NAME "reSID"
| #define PACKAGE_TARNAME "resid"
| #define PACKAGE_VERSION "1.0-pre2"
| #define PACKAGE_STRING "reSID 1.0-pre2"
| #define PACKAGE_BUGREPORT "resid@nimrod.no"
| #define PACKAGE_URL ""
| #define PACKAGE "resid"
| #define VERSION "1.0-pre2"
| /* end confdefs.h.  */
| 
| int
| main ()
| {
| int test;
|   ;
|   return 0;
| }
configure:3484: result: no
configure:3523: checking whether g++ accepts -g -Wall -O3  -ffast-math -fno-exceptions
configure:3529: mipsel-linux-g++ -c -g -Wall -O3  -ffast-math -fno-exceptions  conftest.cpp >&5
configure:3529: $? = 0
configure:3530: result: yes
configure:3557: checking for ar
configure:3573: found /usr/bin/ar
configure:3585: result: ar
configure:3596: checking for mipsel-linux-ranlib
configure:3612: found /home/steward/Downloads/buildroot-2017.02.9/output/host/usr/bin//mipsel-linux-ranlib
configure:3623: result: mipsel-linux-ranlib
configure:3687: checking for perl
configure:3705: found /usr/bin/perl
configure:3717: result: /usr/bin/perl
configure:3732: checking how to run the C++ preprocessor
configure:3759: mipsel-linux-g++ -E  conftest.cpp
configure:3759: $? = 0
configure:3773: mipsel-linux-g++ -E  conftest.cpp
conftest.cpp:11:28: fatal error: ac_nonexistent.h: No such file or directory
compilation terminated.
configure:3773: $? = 1
configure: failed program was:
| /* confdefs.h */
| #define PACKAGE_NAME "reSID"
| #define PACKAGE_TARNAME "resid"
| #define PACKAGE_VERSION "1.0-pre2"
| #define PACKAGE_STRING "reSID 1.0-pre2"
| #define PACKAGE_BUGREPORT "resid@nimrod.no"
| #define PACKAGE_URL ""
| #define PACKAGE "resid"
| #define VERSION "1.0-pre2"
| /* end confdefs.h.  */
| #include <ac_nonexistent.h>
configure:3798: result: mipsel-linux-g++ -E
configure:3818: mipsel-linux-g++ -E  conftest.cpp
configure:3818: $? = 0
configure:3832: mipsel-linux-g++ -E  conftest.cpp
conftest.cpp:11:28: fatal error: ac_nonexistent.h: No such file or directory
compilation terminated.
configure:3832: $? = 1
configure: failed program was:
| /* confdefs.h */
| #define PACKAGE_NAME "reSID"
| #define PACKAGE_TARNAME "resid"
| #define PACKAGE_VERSION "1.0-pre2"
| #define PACKAGE_STRING "reSID 1.0-pre2"
| #define PACKAGE_BUGREPORT "resid@nimrod.no"
| #define PACKAGE_URL ""
| #define PACKAGE "resid"
| #define VERSION "1.0-pre2"
| /* end confdefs.h.  */
| #include <ac_nonexistent.h>
configure:3861: checking for grep that handles long lines and -e
configure:3919: result: /bin/grep
configure:3924: checking for egrep
configure:3986: result: /bin/grep -E
configure:3991: checking for ANSI C header files
configure:4011: mipsel-linux-g++ -c -g -Wall -O3  -ffast-math -fno-exceptions  conftest.cpp >&5
configure:4011: $? = 0
configure:4095: result: yes
configure:4108: checking for sys/types.h
configure:4108: mipsel-linux-g++ -c -g -Wall -O3  -ffast-math -fno-exceptions  conftest.cpp >&5
configure:4108: $? = 0
configure:4108: result: yes
configure:4108: checking for sys/stat.h
configure:4108: mipsel-linux-g++ -c -g -Wall -O3  -ffast-math -fno-exceptions  conftest.cpp >&5
configure:4108: $? = 0
configure:4108: result: yes
configure:4108: checking for stdlib.h
configure:4108: mipsel-linux-g++ -c -g -Wall -O3  -ffast-math -fno-exceptions  conftest.cpp >&5
configure:4108: $? = 0
configure:4108: result: yes
configure:4108: checking for string.h
configure:4108: mipsel-linux-g++ -c -g -Wall -O3  -ffast-math -fno-exceptions  conftest.cpp >&5
configure:4108: $? = 0
configure:4108: result: yes
configure:4108: checking for memory.h
configure:4108: mipsel-linux-g++ -c -g -Wall -O3  -ffast-math -fno-exceptions  conftest.cpp >&5
configure:4108: $? = 0
configure:4108: result: yes
configure:4108: checking for strings.h
configure:4108: mipsel-linux-g++ -c -g -Wall -O3  -ffast-math -fno-exceptions  conftest.cpp >&5
configure:4108: $? = 0
configure:4108: result: yes
configure:4108: checking for inttypes.h
configure:4108: mipsel-linux-g++ -c -g -Wall -O3  -ffast-math -fno-exceptions  conftest.cpp >&5
configure:4108: $? = 0
configure:4108: result: yes
configure:4108: checking for stdint.h
configure:4108: mipsel-linux-g++ -c -g -Wall -O3  -ffast-math -fno-exceptions  conftest.cpp >&5
configure:4108: $? = 0
configure:4108: result: yes
configure:4108: checking for unistd.h
configure:4108: mipsel-linux-g++ -c -g -Wall -O3  -ffast-math -fno-exceptions  conftest.cpp >&5
configure:4108: $? = 0
configure:4108: result: yes
configure:4120: checking math.h usability
configure:4120: mipsel-linux-g++ -c -g -Wall -O3  -ffast-math -fno-exceptions  conftest.cpp >&5
configure:4120: $? = 0
configure:4120: result: yes
configure:4120: checking math.h presence
configure:4120: mipsel-linux-g++ -E  conftest.cpp
configure:4120: $? = 0
configure:4120: result: yes
configure:4120: checking for math.h
configure:4120: result: yes
configure:4133: checking size of int
configure:4138: mipsel-linux-g++ -c -g -Wall -O3  -ffast-math -fno-exceptions  conftest.cpp >&5
conftest.cpp: In function 'int main()':
conftest.cpp:57:12: warning: variable 'test_array' set but not used [-Wunused-but-set-variable]
 static int test_array [1 - 2 * !(((long int) (sizeof (int))) >= 0)];
            ^
configure:4138: $? = 0
configure:4138: mipsel-linux-g++ -c -g -Wall -O3  -ffast-math -fno-exceptions  conftest.cpp >&5
conftest.cpp: In function 'int main()':
conftest.cpp:57:67: error: size of array 'test_array' is negative
 static int test_array [1 - 2 * !(((long int) (sizeof (int))) <= 0)];
                                                                   ^
configure:4138: $? = 1
configure: failed program was:
| /* confdefs.h */
| #define PACKAGE_NAME "reSID"
| #define PACKAGE_TARNAME "resid"
| #define PACKAGE_VERSION "1.0-pre2"
| #define PACKAGE_STRING "reSID 1.0-pre2"
| #define PACKAGE_BUGREPORT "resid@nimrod.no"
| #define PACKAGE_URL ""
| #define PACKAGE "resid"
| #define VERSION "1.0-pre2"
| #define STDC_HEADERS 1
| #define HAVE_SYS_TYPES_H 1
| #define HAVE_SYS_STAT_H 1
| #define HAVE_STDLIB_H 1
| #define HAVE_STRING_H 1
| #define HAVE_MEMORY_H 1
| #define HAVE_STRINGS_H 1
| #define HAVE_INTTYPES_H 1
| #define HAVE_STDINT_H 1
| #define HAVE_UNISTD_H 1
| /* end confdefs.h.  */
| #include <stdio.h>
| #ifdef HAVE_SYS_TYPES_H
| # include <sys/types.h>
| #endif
| #ifdef HAVE_SYS_STAT_H
| # include <sys/stat.h>
| #endif
| #ifdef STDC_HEADERS
| # include <stdlib.h>
| # include <stddef.h>
| #else
| # ifdef HAVE_STDLIB_H
| #  include <stdlib.h>
| # endif
| #endif
| #ifdef HAVE_STRING_H
| # if !defined STDC_HEADERS && defined HAVE_MEMORY_H
| #  include <memory.h>
| # endif
| # include <string.h>
| #endif
| #ifdef HAVE_STRINGS_H
| # include <strings.h>
| #endif
| #ifdef HAVE_INTTYPES_H
| # include <inttypes.h>
| #endif
| #ifdef HAVE_STDINT_H
| # include <stdint.h>
| #endif
| #ifdef HAVE_UNISTD_H
| # include <unistd.h>
| #endif
| int
| main ()
| {
| static int test_array [1 - 2 * !(((long int) (sizeof (int))) <= 0)];
| test_array [0] = 0
| 
|   ;
|   return 0;
| }
configure:4138: mipsel-linux-g++ -c -g -Wall -O3  -ffast-math -fno-exceptions  conftest.cpp >&5
conftest.cpp: In function 'int main()':
conftest.cpp:57:67: error: size of array 'test_array' is negative
 static int test_array [1 - 2 * !(((long int) (sizeof (int))) <= 1)];
                                                                   ^
configure:4138: $? = 1
configure: failed program was:
| /* confdefs.h */
| #define PACKAGE_NAME "reSID"
| #define PACKAGE_TARNAME "resid"
| #define PACKAGE_VERSION "1.0-pre2"
| #define PACKAGE_STRING "reSID 1.0-pre2"
| #define PACKAGE_BUGREPORT "resid@nimrod.no"
| #define PACKAGE_URL ""
| #define PACKAGE "resid"
| #define VERSION "1.0-pre2"
| #define STDC_HEADERS 1
| #define HAVE_SYS_TYPES_H 1
| #define HAVE_SYS_STAT_H 1
| #define HAVE_STDLIB_H 1
| #define HAVE_STRING_H 1
| #define HAVE_MEMORY_H 1
| #define HAVE_STRINGS_H 1
| #define HAVE_INTTYPES_H 1
| #define HAVE_STDINT_H 1
| #define HAVE_UNISTD_H 1
| /* end confdefs.h.  */
| #include <stdio.h>
| #ifdef HAVE_SYS_TYPES_H
| # include <sys/types.h>
| #endif
| #ifdef HAVE_SYS_STAT_H
| # include <sys/stat.h>
| #endif
| #ifdef STDC_HEADERS
| # include <stdlib.h>
| # include <stddef.h>
| #else
| # ifdef HAVE_STDLIB_H
| #  include <stdlib.h>
| # endif
| #endif
| #ifdef HAVE_STRING_H
| # if !defined STDC_HEADERS && defined HAVE_MEMORY_H
| #  include <memory.h>
| # endif
| # include <string.h>
| #endif
| #ifdef HAVE_STRINGS_H
| # include <strings.h>
| #endif
| #ifdef HAVE_INTTYPES_H
| # include <inttypes.h>
| #endif
| #ifdef HAVE_STDINT_H
| # include <stdint.h>
| #endif
| #ifdef HAVE_UNISTD_H
| # include <unistd.h>
| #endif
| int
| main ()
| {
| static int test_array [1 - 2 * !(((long int) (sizeof (int))) <= 1)];
| test_array [0] = 0
| 
|   ;
|   return 0;
| }
configure:4138: mipsel-linux-g++ -c -g -Wall -O3  -ffast-math -fno-exceptions  conftest.cpp >&5
conftest.cpp: In function 'int main()':
conftest.cpp:57:67: error: size of array 'test_array' is negative
 static int test_array [1 - 2 * !(((long int) (sizeof (int))) <= 3)];
                                                                   ^
configure:4138: $? = 1
configure: failed program was:
| /* confdefs.h */
| #define PACKAGE_NAME "reSID"
| #define PACKAGE_TARNAME "resid"
| #define PACKAGE_VERSION "1.0-pre2"
| #define PACKAGE_STRING "reSID 1.0-pre2"
| #define PACKAGE_BUGREPORT "resid@nimrod.no"
| #define PACKAGE_URL ""
| #define PACKAGE "resid"
| #define VERSION "1.0-pre2"
| #define STDC_HEADERS 1
| #define HAVE_SYS_TYPES_H 1
| #define HAVE_SYS_STAT_H 1
| #define HAVE_STDLIB_H 1
| #define HAVE_STRING_H 1
| #define HAVE_MEMORY_H 1
| #define HAVE_STRINGS_H 1
| #define HAVE_INTTYPES_H 1
| #define HAVE_STDINT_H 1
| #define HAVE_UNISTD_H 1
| /* end confdefs.h.  */
| #include <stdio.h>
| #ifdef HAVE_SYS_TYPES_H
| # include <sys/types.h>
| #endif
| #ifdef HAVE_SYS_STAT_H
| # include <sys/stat.h>
| #endif
| #ifdef STDC_HEADERS
| # include <stdlib.h>
| # include <stddef.h>
| #else
| # ifdef HAVE_STDLIB_H
| #  include <stdlib.h>
| # endif
| #endif
| #ifdef HAVE_STRING_H
| # if !defined STDC_HEADERS && defined HAVE_MEMORY_H
| #  include <memory.h>
| # endif
| # include <string.h>
| #endif
| #ifdef HAVE_STRINGS_H
| # include <strings.h>
| #endif
| #ifdef HAVE_INTTYPES_H
| # include <inttypes.h>
| #endif
| #ifdef HAVE_STDINT_H
| # include <stdint.h>
| #endif
| #ifdef HAVE_UNISTD_H
| # include <unistd.h>
| #endif
| int
| main ()
| {
| static int test_array [1 - 2 * !(((long int) (sizeof (int))) <= 3)];
| test_array [0] = 0
| 
|   ;
|   return 0;
| }
configure:4138: mipsel-linux-g++ -c -g -Wall -O3  -ffast-math -fno-exceptions  conftest.cpp >&5
conftest.cpp: In function 'int main()':
conftest.cpp:57:12: warning: variable 'test_array' set but not used [-Wunused-but-set-variable]
 static int test_array [1 - 2 * !(((long int) (sizeof (int))) <= 7)];
            ^
configure:4138: $? = 0
configure:4138: mipsel-linux-g++ -c -g -Wall -O3  -ffast-math -fno-exceptions  conftest.cpp >&5
conftest.cpp: In function 'int main()':
conftest.cpp:57:12: warning: variable 'test_array' set but not used [-Wunused-but-set-variable]
 static int test_array [1 - 2 * !(((long int) (sizeof (int))) <= 5)];
            ^
configure:4138: $? = 0
configure:4138: mipsel-linux-g++ -c -g -Wall -O3  -ffast-math -fno-exceptions  conftest.cpp >&5
conftest.cpp: In function 'int main()':
conftest.cpp:57:12: warning: variable 'test_array' set but not used [-Wunused-but-set-variable]
 static int test_array [1 - 2 * !(((long int) (sizeof (int))) <= 4)];
            ^
configure:4138: $? = 0
configure:4152: result: 4
configure:4167: checking for working bool
configure:4176: mipsel-linux-g++ -c -g -Wall -O3  -ffast-math -fno-exceptions  conftest.cpp >&5
configure:4176: $? = 0
configure:4183: result: yes
configure:4194: checking for __builtin_expect
configure:4203: mipsel-linux-g++ -c -g -Wall -O3  -ffast-math -fno-exceptions  conftest.cpp >&5
configure:4203: $? = 0
configure:4210: result: yes
configure:4389: creating ./config.status

## ---------------------- ##
## Running config.status. ##
## ---------------------- ##

This file was extended by reSID config.status 1.0-pre2, which was
generated by GNU Autoconf 2.68.  Invocation command line was

  CONFIG_FILES    = 
  CONFIG_HEADERS  = 
  CONFIG_LINKS    = 
  CONFIG_COMMANDS = 
  $ ./config.status 

on debian

config.status:793: creating Makefile
config.status:793: creating siddefs.h
config.status:965: executing depfiles commands

## ---------------- ##
## Cache variables. ##
## ---------------- ##

ac_cv_cxx_compiler_gnu=yes
ac_cv_env_CCC_set=
ac_cv_env_CCC_value=
ac_cv_env_CPPFLAGS_set=
ac_cv_env_CPPFLAGS_value=
ac_cv_env_CXXCPP_set=
ac_cv_env_CXXCPP_value=
ac_cv_env_CXXFLAGS_set=
ac_cv_env_CXXFLAGS_value=
ac_cv_env_CXX_set=set
ac_cv_env_CXX_value=mipsel-linux-g++
ac_cv_env_LDFLAGS_set=
ac_cv_env_LDFLAGS_value=
ac_cv_env_LIBS_set=
ac_cv_env_LIBS_value=
ac_cv_env_build_alias_set=
ac_cv_env_build_alias_value=
ac_cv_env_host_alias_set=set
ac_cv_env_host_alias_value=mipsel-linux
ac_cv_env_target_alias_set=
ac_cv_env_target_alias_value=
ac_cv_header_inttypes_h=yes
ac_cv_header_math_h=yes
ac_cv_header_memory_h=yes
ac_cv_header_stdc=yes
ac_cv_header_stdint_h=yes
ac_cv_header_stdlib_h=yes
ac_cv_header_string_h=yes
ac_cv_header_strings_h=yes
ac_cv_header_sys_stat_h=yes
ac_cv_header_sys_types_h=yes
ac_cv_header_unistd_h=yes
ac_cv_objext=o
ac_cv_path_EGREP='/bin/grep -E'
ac_cv_path_GREP=/bin/grep
ac_cv_path_PERL=/usr/bin/perl
ac_cv_path_install='/usr/bin/install -c'
ac_cv_path_mkdir=/bin/mkdir
ac_cv_prog_AR=ar
ac_cv_prog_AWK=gawk
ac_cv_prog_CXXCPP='mipsel-linux-g++ -E'
ac_cv_prog_RANLIB=mipsel-linux-ranlib
ac_cv_prog_STRIP=mipsel-linux-strip
ac_cv_prog_cxx_g=yes
ac_cv_prog_make_make_set=yes
ac_cv_sizeof_int=4
am_cv_CXX_dependencies_compiler_type=gcc3
resid_cv_builtin_expect=yes
resid_cv_cxx_bool=yes

## ----------------- ##
## Output variables. ##
## ----------------- ##

ACLOCAL='${SHELL} /home/steward/Downloads/vice-2.4.6/missing --run aclocal-1.11'
AMDEPBACKSLASH='\'
AMDEP_FALSE='#'
AMDEP_TRUE=''
AMTAR='$${TAR-tar}'
AR='ar'
AUTOCONF='${SHELL} /home/steward/Downloads/vice-2.4.6/missing --run autoconf'
AUTOHEADER='${SHELL} /home/steward/Downloads/vice-2.4.6/missing --run autoheader'
AUTOMAKE='${SHELL} /home/steward/Downloads/vice-2.4.6/missing --run automake-1.11'
AWK='gawk'
CPPFLAGS=''
CXX='mipsel-linux-g++'
CXXCPP='mipsel-linux-g++ -E'
CXXDEPMODE='depmode=gcc3'
CXXFLAGS='-g -Wall -O3  -ffast-math -fno-exceptions'
CYGPATH_W='echo'
DEFS='-DPACKAGE_NAME=\"reSID\" -DPACKAGE_TARNAME=\"resid\" -DPACKAGE_VERSION=\"1.0-pre2\" -DPACKAGE_STRING=\"reSID\ 1.0-pre2\" -DPACKAGE_BUGREPORT=\"resid@nimrod.no\" -DPACKAGE_URL=\"\" -DPACKAGE=\"resid\" -DVERSION=\"1.0-pre2\" -DSTDC_HEADERS=1 -DHAVE_SYS_TYPES_H=1 -DHAVE_SYS_STAT_H=1 -DHAVE_STDLIB_H=1 -DHAVE_STRING_H=1 -DHAVE_MEMORY_H=1 -DHAVE_STRINGS_H=1 -DHAVE_INTTYPES_H=1 -DHAVE_STDINT_H=1 -DHAVE_UNISTD_H=1 -DSIZEOF_INT=4'
DEPDIR='.deps'
ECHO_C=''
ECHO_N='-n'
ECHO_T=''
EGREP='/bin/grep -E'
EXEEXT=''
GREP='/bin/grep'
HAVE_BOOL='1'
HAVE_BUILTIN_EXPECT='1'
INSTALL_DATA='${INSTALL} -m 644'
INSTALL_PROGRAM='${INSTALL}'
INSTALL_SCRIPT='${INSTALL}'
INSTALL_STRIP_PROGRAM='$(install_sh) -c -s'
LDFLAGS=''
LIBOBJS=''
LIBS=''
LTLIBOBJS=''
MAKEINFO='${SHELL} /home/steward/Downloads/vice-2.4.6/missing --run makeinfo'
MKDIR_P='/bin/mkdir -p'
OBJEXT='o'
PACKAGE='resid'
PACKAGE_BUGREPORT='resid@nimrod.no'
PACKAGE_NAME='reSID'
PACKAGE_STRING='reSID 1.0-pre2'
PACKAGE_TARNAME='resid'
PACKAGE_URL=''
PACKAGE_VERSION='1.0-pre2'
PATH_SEPARATOR=':'
PERL='/usr/bin/perl'
RANLIB='mipsel-linux-ranlib'
RESID_BRANCH_HINTS='1'
RESID_INLINE='inline'
RESID_INLINING='1'
SET_MAKE=''
SHELL='/bin/bash'
STRIP='mipsel-linux-strip'
VERSION='1.0-pre2'
ac_ct_CXX=''
am__EXEEXT_FALSE=''
am__EXEEXT_TRUE='#'
am__fastdepCXX_FALSE='#'
am__fastdepCXX_TRUE=''
am__include='include'
am__isrc=''
am__leading_dot='.'
am__nodep='_no'
am__quote=''
am__tar='$${TAR-tar} chof - "$$tardir"'
am__untar='$${TAR-tar} xf -'
bindir='${exec_prefix}/bin'
build_alias=''
datadir='${datarootdir}'
datarootdir='${prefix}/share'
docdir='${datarootdir}/doc/${PACKAGE_TARNAME}'
dvidir='${docdir}'
exec_prefix='${prefix}'
host_alias='mipsel-linux'
htmldir='${docdir}'
includedir='${prefix}/include'
infodir='${datarootdir}/info'
install_sh='${SHELL} /home/steward/Downloads/vice-2.4.6/install-sh'
libdir='${exec_prefix}/lib'
libexecdir='${exec_prefix}/libexec'
localedir='${datarootdir}/locale'
localstatedir='${prefix}/var'
mandir='${datarootdir}/man'
mkdir_p='/bin/mkdir -p'
oldincludedir='/usr/include'
pdfdir='${docdir}'
prefix='/usr/local'
program_transform_name='s,x,x,'
psdir='${docdir}'
sbindir='${exec_prefix}/sbin'
sharedstatedir='${prefix}/com'
sysconfdir='${prefix}/etc'
target_alias=''

## ----------- ##
## confdefs.h. ##
## ----------- ##

/* confdefs.h */
#define PACKAGE_NAME "reSID"
#define PACKAGE_TARNAME "resid"
#define PACKAGE_VERSION "1.0-pre2"
#define PACKAGE_STRING "reSID 1.0-pre2"
#define PACKAGE_BUGREPORT "resid@nimrod.no"
#define PACKAGE_URL ""
#define PACKAGE "resid"
#define VERSION "1.0-pre2"
#define STDC_HEADERS 1
#define HAVE_SYS_TYPES_H 1
#define HAVE_SYS_STAT_H 1
#define HAVE_STDLIB_H 1
#define HAVE_STRING_H 1
#define HAVE_MEMORY_H 1
#define HAVE_STRINGS_H 1
#define HAVE_INTTYPES_H 1
#define HAVE_STDINT_H 1
#define HAVE_UNISTD_H 1
#define SIZEOF_INT 4

configure: exit 0

## ---------------------- ##
## Running config.status. ##
## ---------------------- ##

This file was extended by reSID config.status 1.0-pre2, which was
generated by GNU Autoconf 2.68.  Invocation command line was

  CONFIG_FILES    = 
  CONFIG_HEADERS  = 
  CONFIG_LINKS    = 
  CONFIG_COMMANDS = 
  $ ./config.status 

on debian

config.status:793: creating Makefile
config.status:793: creating siddefs.h
config.status:965: executing depfiles commands
